<?xml version="1.0" encoding="UTF-8"?>
<!-- Generated by org.testng.reporters.JUnitReportReporter -->
<testsuite hostname="BLR145CG02791RX" failures="0" tests="1" name="september26th.TestingProgram" time="0.011" errors="0" timestamp="2023-09-26T09:46:57 IST" skipped="0">
  <testcase classname="september26th.TestingProgram" name="test" time="0.011"/>
</testsuite> <!-- september26th.TestingProgram -->
