<?xml version="1.0" encoding="UTF-8"?>
<!-- Generated by org.testng.reporters.JUnitReportReporter -->
<testsuite hostname="BLR145CG02791RX" failures="0" tests="1" name="september28th.HeadlessTest" time="6.976" errors="0" timestamp="2023-10-05T09:35:05 IST" skipped="0">
  <testcase classname="september28th.HeadlessTest" name="tc1" time="6.976"/>
</testsuite> <!-- september28th.HeadlessTest -->
