<?xml version="1.0" encoding="UTF-8"?>
<!-- Generated by org.testng.reporters.JUnitReportReporter -->
<testsuite hostname="BLR145CG02791RX" failures="0" tests="2" name="october13th.DataExtractiontest" time="8.708" errors="0" timestamp="2023-10-13T09:43:27 IST" skipped="0">
  <testcase classname="october13th.DataExtractiontest" name="tc1" time="3.048"/>
  <testcase classname="october13th.DataExtractiontest" name="tc1" time="5.660"/>
</testsuite> <!-- october13th.DataExtractiontest -->
