<?xml version="1.0" encoding="UTF-8"?>
<!-- Generated by org.testng.reporters.JUnitReportReporter -->
<testsuite hostname="BLR145CG02791RX" failures="0" tests="1" name="october17th2nd.SheetDataToBrowser" time="7.767" errors="0" timestamp="2023-10-17T09:55:16 IST" skipped="0">
  <testcase classname="october17th2nd.SheetDataToBrowser" name="tc1" time="7.767"/>
</testsuite> <!-- october17th2nd.SheetDataToBrowser -->
