<?xml version="1.0" encoding="UTF-8"?>
<!-- Generated by org.testng.reporters.JUnitReportReporter -->
<testsuite hostname="BLR145CG02791RX" failures="0" tests="3" name="september26th.PriorityTest" time="0.012" errors="0" timestamp="2023-09-26T09:58:41 IST" skipped="0">
  <testcase classname="september26th.PriorityTest" name="tc2" time="0.009"/>
  <testcase classname="september26th.PriorityTest" name="tc3" time="0.001"/>
  <testcase classname="september26th.PriorityTest" name="tc1" time="0.002"/>
</testsuite> <!-- september26th.PriorityTest -->
